{"/home/minozzzi/Projetos/occam-utils/src/index.ts": {"path":"/home/minozzzi/Projetos/occam-utils/src/index.ts","statementMap":{"0":{"start":{"line":1,"column":0},"end":{"line":1,"column":21}}},"fnMap":{},"branchMap":{},"s":{"0":1},"f":{},"b":{}}
,"/home/minozzzi/Projetos/occam-utils/src/lib/index.ts": {"path":"/home/minozzzi/Projetos/occam-utils/src/lib/index.ts","statementMap":{"0":{"start":{"line":1,"column":0},"end":{"line":1,"column":9}},"1":{"start":{"line":1,"column":9},"end":{"line":1,"column":44}}},"fnMap":{"0":{"name":"(anonymous_0)","decl":{"start":{"line":1,"column":9},"end":{"line":1,"column":20}},"loc":{"start":{"line":1,"column":9},"end":{"line":1,"column":44}}}},"branchMap":{},"s":{"0":1,"1":1},"f":{"0":0},"b":{}}
,"/home/minozzzi/Projetos/occam-utils/src/lib/only-numbers/index.ts": {"path":"/home/minozzzi/Projetos/occam-utils/src/lib/only-numbers/index.ts","statementMap":{"0":{"start":{"line":3,"column":41},"end":{"line":4,"column":37}},"1":{"start":{"line":4,"column":2},"end":{"line":4,"column":37}},"2":{"start":{"line":3,"column":13},"end":{"line":3,"column":41}}},"fnMap":{"0":{"name":"(anonymous_0)","decl":{"start":{"line":3,"column":41},"end":{"line":3,"column":46}},"loc":{"start":{"line":4,"column":2},"end":{"line":4,"column":37}}}},"branchMap":{},"s":{"0":2,"1":10,"2":2},"f":{"0":10},"b":{}}
}
